<?xml version="1.0" encoding="UTF-8"?>
<!-- Generated by org.testng.reporters.JUnitXMLReporter -->
<testsuite ignored="0" hostname="DESKTOP-LMTDJO9" failures="0" tests="5" name="Default test" time="13.698" errors="0" timestamp="2024-02-09T04:57:40 EET">
  <testcase classname="tests.TestSuite" name="glitchUser" time="5.24"/>
  <testcase classname="tests.TestSuite" name="lockedUser" time="0.171"/>
  <testcase classname="tests.TestSuite" name="pwIsMandatoryCheck" time="0.139"/>
  <testcase classname="tests.TestSuite" name="successfulFlow" time="0.553"/>
  <testcase classname="tests.TestSuite" name="virtualUser" time="0.531"/>
</testsuite> <!-- Default test -->
