<?xml version="1.0" encoding="UTF-8"?>
<!-- Generated by org.testng.reporters.JUnitXMLReporter -->
<testsuite ignored="0" hostname="DESKTOP-LMTDJO9" failures="0" tests="5" name="Test Parallel" time="8.566" errors="0" timestamp="2024-02-09T05:33:58 GMT+02:00">
  <testcase classname="tests.TestSuite" name="pwIsMandatoryCheck" time="0.179"/>
  <testcase classname="tests.TestSuite" name="lockedUser" time="0.281"/>
  <testcase classname="tests.TestSuite" name="successfulFlow" time="0.708"/>
  <testcase classname="tests.TestSuite" name="virtualUser" time="1.989"/>
  <testcase classname="tests.TestSuite" name="glitchUser" time="5.864"/>
</testsuite> <!-- Test Parallel -->
